\BOOKMARK [0][-]{chapter.1}{\376\377\003\225\003\271\003\303\003\261\003\263\003\311\003\263\003\256}{}% 1
\BOOKMARK [0][-]{chapter.2}{\376\377\003\230\003\265\003\311\003\301\003\257\003\261\000\040\000-\000\040\003\234\003\255\003\270\003\277\003\264\003\277\003\302}{}% 2
\BOOKMARK [1][-]{section.2.1}{\376\377\003\243\003\304\003\265\003\301\003\265\003\277\003\306\003\311\003\275\003\271\003\272\003\256\000\040\003\272\003\261\003\271\000\040\003\221\003\274\003\306\003\271\003\311\003\304\003\271\003\272\003\256\000\040\003\261\003\272\003\301\003\314\003\261\003\303\003\267}{chapter.2}% 3
\BOOKMARK [2][-]{subsection.2.1.1}{\376\377\003\243\003\304\003\265\003\301\003\265\003\277\003\306\003\311\003\275\003\271\003\272\003\256\000\040\003\261\003\272\003\301\003\314\003\261\003\303\003\267}{section.2.1}% 4
\BOOKMARK [2][-]{subsection.2.1.2}{\376\377\003\221\003\274\003\306\003\271\003\311\003\304\003\271\003\272\003\256\000\040\003\261\003\272\003\301\003\314\003\261\003\303\003\267}{section.2.1}% 5
\BOOKMARK [1][-]{section.2.2}{\376\377\003\243\003\305\003\275\003\254\003\301\003\304\003\267\003\303\003\267\000\040\003\234\003\265\003\304\003\261\003\306\003\277\003\301\003\254\003\302\000\040\003\232\003\265\003\306\003\261\003\273\003\271\003\277\003\315\000\040\000-\000\040\000H\000R\000T\000F}{chapter.2}% 6
\BOOKMARK [2][-]{subsection.2.2.1}{\376\377\003\234\003\255\003\304\003\301\003\267\003\303\003\267\000\040\000H\000R\000T\000F}{section.2.2}% 7
\BOOKMARK [2][-]{subsection.2.2.2}{\376\377\003\245\003\300\003\277\003\273\003\277\003\263\003\271\003\303\003\274\003\314\003\302\000\040\000H\000R\000T\000F}{section.2.2}% 8
\BOOKMARK [2][-]{subsection.2.2.3}{\376\377\003\222\003\254\003\303\003\265\003\271\003\302\000\040\003\264\003\265\003\264\003\277\003\274\003\255\003\275\003\311\003\275\000\040\000H\000R\000T\000F}{section.2.2}% 9
\BOOKMARK [1][-]{section.2.3}{\376\377\003\221\003\274\003\306\003\271\003\311\003\304\003\271\003\272\003\256\000\040\003\232\003\301\003\277\003\305\003\303\003\304\003\271\003\272\003\256\000\040\003\221\003\300\003\314\003\272\003\301\003\271\003\303\003\267\000\040\003\224\003\311\003\274\003\261\003\304\003\257\003\277\003\305\000\040\000-\000\040\000B\000R\000I\000R}{chapter.2}% 10
\BOOKMARK [1][-]{section.2.4}{\376\377\003\221\003\274\003\306\003\271\003\311\003\304\003\271\003\272\003\255\003\302\000\040\003\240\003\261\003\301\003\254\003\274\003\265\003\304\003\301\003\277\003\271}{chapter.2}% 11
\BOOKMARK [2][-]{subsection.2.4.1}{\376\377\000I\000n\000t\000e\000r\000a\000u\000r\000a\000l\000\040\000T\000i\000m\000e\000\040\000D\000i\000f\000f\000e\000r\000e\000n\000c\000e}{section.2.4}% 12
\BOOKMARK [2][-]{subsection.2.4.2}{\376\377\000I\000n\000t\000e\000r\000a\000u\000r\000a\000l\000\040\000L\000e\000v\000e\000l\000\040\000D\000i\000f\000f\000e\000r\000e\000n\000c\000e}{section.2.4}% 13
\BOOKMARK [2][-]{subsection.2.4.3}{\376\377\003\225\003\275\003\304\003\277\003\300\003\271\003\303\003\274\003\314\003\302\000\040\003\267\003\307\003\267\003\304\003\271\003\272\003\316\003\275\000\040\003\263\003\265\003\263\003\277\003\275\003\314\003\304\003\311\003\275}{section.2.4}% 14
\BOOKMARK [1][-]{section.2.5}{\376\377\003\234\003\277\003\275\003\304\003\255\003\273\003\277\000\040\000d\000i\000e\000t\000z\0002\0000\0001\0001}{chapter.2}% 15
\BOOKMARK [2][-]{subsection.2.5.1}{\376\377\003\221\003\272\003\277\003\305\003\303\003\304\003\271\003\272\003\256\000\040\003\265\003\300\003\265\003\276\003\265\003\301\003\263\003\261\003\303\003\257\003\261}{section.2.5}% 16
\BOOKMARK [1][-]{section.2.6}{\376\377\003\233\003\265\003\305\003\272\003\314\003\302\000\040\003\230\003\314\003\301\003\305\003\262\003\277\003\302}{chapter.2}% 17
\BOOKMARK [1][-]{section.2.7}{\376\377\003\234\003\267\003\307\003\261\003\275\003\271\003\272\003\256\000\040\003\234\003\254\003\270\003\267\003\303\003\267}{chapter.2}% 18
\BOOKMARK [2][-]{subsection.2.7.1}{\376\377\003\234\003\267\000\040\003\265\003\300\003\271\003\262\003\273\003\265\003\300\003\314\003\274\003\265\003\275\003\267\000\040\003\274\003\254\003\270\003\267\003\303\003\267}{section.2.7}% 19
\BOOKMARK [2][-]{subsection.2.7.2}{\376\377\003\225\003\275\003\271\003\303\003\307\003\305\003\304\003\271\003\272\003\256\000\040\003\274\003\254\003\270\003\267\003\303\003\267}{section.2.7}% 20
\BOOKMARK [2][-]{subsection.2.7.3}{\376\377\003\225\003\300\003\271\003\262\003\273\003\265\003\300\003\314\003\274\003\265\003\275\003\267\000\040\003\274\003\254\003\270\003\267\003\303\003\267}{section.2.7}% 21
\BOOKMARK [1][-]{section.2.8}{\376\377\003\235\003\265\003\305\003\301\003\311\003\275\003\271\003\272\003\254\000\040\003\224\003\257\003\272\003\304\003\305\003\261}{chapter.2}% 22
\BOOKMARK [2][-]{subsection.2.8.1}{\376\377\003\235\003\265\003\305\003\301\003\316\003\275\003\265\003\302}{section.2.8}% 23
\BOOKMARK [2][-]{subsection.2.8.2}{\376\377\003\237\003\301\003\263\003\254\003\275\003\311\003\303\003\267}{section.2.8}% 24
\BOOKMARK [2][-]{subsection.2.8.3}{\376\377\003\243\003\305\003\275\003\261\003\301\003\304\003\256\003\303\003\265\003\271\003\302\000\040\003\221\003\300\003\316\003\273\003\265\003\271\003\261\003\302}{section.2.8}% 25
\BOOKMARK [0][-]{chapter.3}{\376\377\003\245\003\273\003\277\003\300\003\277\003\257\003\267\003\303\003\267}{}% 26
\BOOKMARK [1][-]{section.3.1}{\376\377\003\243\003\256\003\274\003\261\003\304\003\261\000\040\003\265\003\271\003\303\003\314\003\264\003\277\003\305}{chapter.3}% 27
\BOOKMARK [1][-]{section.3.2}{\376\377\003\224\003\267\003\274\003\271\003\277\003\305\003\301\003\263\003\257\003\261\000\040\003\261\003\274\003\306\003\271\003\311\003\304\003\271\003\272\003\316\003\275\000\040\003\303\003\267\003\274\003\254\003\304\003\311\003\275}{chapter.3}% 28
\BOOKMARK [1][-]{section.3.3}{\376\377\003\225\003\276\003\261\003\263\003\311\003\263\003\256\000\040\003\261\003\274\003\306\003\271\003\311\003\304\003\271\003\272\003\316\003\275\000\040\003\300\003\261\003\301\003\261\003\274\003\255\003\304\003\301\003\311\003\275}{chapter.3}% 29
\BOOKMARK [2][-]{subsection.3.3.1}{\376\377\003\246\003\271\003\273\003\304\003\301\003\254\003\301\003\271\003\303\003\274\003\261\000\040\003\234\003\255\003\303\003\277\003\305\000\040\003\221\003\305\003\304\003\271\003\277\003\315}{section.3.3}% 30
\BOOKMARK [2][-]{subsection.3.3.2}{\376\377\003\240\003\301\003\277\003\303\003\277\003\274\003\277\003\257\003\311\003\303\003\267\000\040\003\225\003\303\003\311\003\304\003\265\003\301\003\271\003\272\003\277\003\315\000\040\003\221\003\305\003\304\003\271\003\277\003\315}{section.3.3}% 31
\BOOKMARK [2][-]{subsection.3.3.3}{\376\377\003\244\003\301\003\254\003\300\003\265\003\266\003\261\000\040\003\246\003\257\003\273\003\304\003\301\003\311\003\275\000\040\003\224\003\271\003\261\003\274\003\314\003\301\003\306\003\311\003\303\003\267\003\302}{section.3.3}% 32
\BOOKMARK [2][-]{subsection.3.3.4}{\376\377\003\221\003\274\003\306\003\271\003\311\003\304\003\271\003\272\003\314\003\302\000\040\003\265\003\300\003\265\003\276\003\265\003\301\003\263\003\261\003\303\003\304\003\256\003\302}{section.3.3}% 33
\BOOKMARK [1][-]{section.3.4}{\376\377\003\243\003\305\003\274\003\300\003\257\003\265\003\303\003\267\000\040\003\224\003\265\003\264\003\277\003\274\003\255\003\275\003\311\003\275}{chapter.3}% 34
\BOOKMARK [2][-]{subsection.3.4.1}{\376\377\003\232\003\257\003\275\003\267\003\304\003\301\003\277}{section.3.4}% 35
\BOOKMARK [2][-]{subsection.3.4.2}{\376\377\003\221\003\275\003\304\003\271\003\273\003\267\003\300\003\304\003\271\003\272\003\256\000\040\003\243\003\305\003\274\003\300\003\257\003\265\003\303\003\267}{section.3.4}% 36
\BOOKMARK [2][-]{subsection.3.4.3}{\376\377\003\221\003\273\003\263\003\277\003\301\003\271\003\270\003\274\003\271\003\272\003\256\000\040\003\243\003\305\003\274\003\300\003\257\003\265\003\303\003\267}{section.3.4}% 37
\BOOKMARK [1][-]{section.3.5}{\376\377\003\240\003\301\003\277\003\265\003\300\003\265\003\276\003\265\003\301\003\263\003\261\003\303\003\257\003\261\000\040\003\224\003\265\003\264\003\277\003\274\003\255\003\275\003\311\003\275}{chapter.3}% 38
\BOOKMARK [1][-]{section.3.6}{\376\377\003\221\003\301\003\307\003\271\003\304\003\265\003\272\003\304\003\277\003\275\003\271\003\272\003\255\003\302\000\040\003\235\003\265\003\305\003\301\003\311\003\275\003\271\003\272\003\316\003\275\000\040\003\224\003\271\003\272\003\304\003\315\003\311\003\275}{chapter.3}% 39
\BOOKMARK [2][-]{subsection.3.6.1}{\376\377\000F\000u\000l\000l\000y\000\040\000C\000o\000n\000n\000e\000c\000t\000e\000d}{section.3.6}% 40
\BOOKMARK [2][-]{subsection.3.6.2}{\376\377\000C\000o\000n\000v\000o\000l\000u\000t\000i\000o\000n\000a\000l}{section.3.6}% 41
\BOOKMARK [0][-]{chapter.4}{\376\377\003\221\003\300\003\277\003\304\003\265\003\273\003\255\003\303\003\274\003\261\003\304\003\261}{}% 42
\BOOKMARK [1][-]{section.4.1}{\376\377\003\221\003\300\003\277\003\304\003\265\003\273\003\255\003\303\003\274\003\261\003\304\003\261\000\040\003\265\003\272\003\300\003\261\003\257\003\264\003\265\003\305\003\303\003\267\003\302}{chapter.4}% 43
\BOOKMARK [2][-]{subsection.4.1.1}{\376\377\003\240\003\273\003\256\003\301\003\311\003\302\000\040\003\264\003\271\003\261\003\303\003\305\003\275\003\264\003\265\003\264\003\265\003\274\003\255\003\275\003\267\000\040\003\261\003\301\003\307\003\271\003\304\003\265\003\272\003\304\003\277\003\275\003\271\003\272\003\256}{section.4.1}% 44
\BOOKMARK [2][-]{subsection.4.1.2}{\376\377\003\243\003\305\003\275\003\265\003\273\003\271\003\272\003\304\003\271\003\272\003\256\000\040\003\261\003\301\003\307\003\271\003\304\003\265\003\272\003\304\003\277\003\275\003\271\003\272\003\256}{section.4.1}% 45
\BOOKMARK [2][-]{subsection.4.1.3}{\376\377\003\247\003\301\003\314\003\275\003\277\003\271\000\040\003\303\003\315\003\263\003\272\003\273\003\271\003\303\003\267\003\302}{section.4.1}% 46
\BOOKMARK [1][-]{section.4.2}{\376\377\003\221\003\300\003\277\003\304\003\265\003\273\003\255\003\303\003\274\003\261\003\304\003\261\000\040\003\265\003\272\003\304\003\257\003\274\003\267\003\303\003\267\003\302}{chapter.4}% 47
\BOOKMARK [1][-]{section.4.3}{\376\377\003\243\003\315\003\263\003\272\003\301\003\271\003\303\003\267\000\040\003\274\003\265\000\040\003\254\003\273\003\273\003\265\003\302\000\040\003\274\003\265\003\270\003\314\003\264\003\277\003\305\003\302}{chapter.4}% 48
\BOOKMARK [1][-]{section.4.4}{\376\377\003\243\003\315\003\263\003\272\003\301\003\271\003\303\003\267\000\040\003\261\003\300\003\277\003\304\003\265\003\273\003\265\003\303\003\274\003\254\003\304\003\311\003\275\000\040\003\274\003\265\000\040\003\272\003\261\003\271\000\040\003\307\003\311\003\301\003\257\003\302\000\040\003\303\003\305\003\274\003\300\003\257\003\265\003\303\003\267}{chapter.4}% 49
\BOOKMARK [0][-]{chapter.5}{\376\377\003\243\003\305\003\274\003\300\003\265\003\301\003\254\003\303\003\274\003\261\003\304\003\261}{}% 50
\BOOKMARK [0][-]{chapter*.50}{\376\377\003\232\003\261\003\304\003\254\003\273\003\277\003\263\003\277\003\302\000\040\003\303\003\307\003\267\003\274\003\254\003\304\003\311\003\275}{}% 51
\BOOKMARK [0][-]{chapter*.51}{\376\377\003\232\003\261\003\304\003\254\003\273\003\277\003\263\003\277\003\302\000\040\003\300\003\271\003\275\003\254\003\272\003\311\003\275}{}% 52
\BOOKMARK [0][-]{chapter*.52}{\376\377\003\222\003\271\003\262\003\273\003\271\003\277\003\263\003\301\003\261\003\306\003\257\003\261}{}% 53
